running egg_info
creating ../../build/collision_avoidance/collision_avoidance.egg-info
writing ../../build/collision_avoidance/collision_avoidance.egg-info/PKG-INFO
writing dependency_links to ../../build/collision_avoidance/collision_avoidance.egg-info/dependency_links.txt
writing entry points to ../../build/collision_avoidance/collision_avoidance.egg-info/entry_points.txt
writing requirements to ../../build/collision_avoidance/collision_avoidance.egg-info/requires.txt
writing top-level names to ../../build/collision_avoidance/collision_avoidance.egg-info/top_level.txt
writing manifest file '../../build/collision_avoidance/collision_avoidance.egg-info/SOURCES.txt'
reading manifest file '../../build/collision_avoidance/collision_avoidance.egg-info/SOURCES.txt'
adding license file 'LICENSE'
writing manifest file '../../build/collision_avoidance/collision_avoidance.egg-info/SOURCES.txt'
running build
running build_py
creating /home/abhay-07/funny_ros2_proj/src/ROS2_TASK2_WS_HERE/build/collision_avoidance/build
creating /home/abhay-07/funny_ros2_proj/src/ROS2_TASK2_WS_HERE/build/collision_avoidance/build/lib
creating /home/abhay-07/funny_ros2_proj/src/ROS2_TASK2_WS_HERE/build/collision_avoidance/build/lib/collision_avoidance
copying collision_avoidance/__init__.py -> /home/abhay-07/funny_ros2_proj/src/ROS2_TASK2_WS_HERE/build/collision_avoidance/build/lib/collision_avoidance
running install
running install_lib
creating /home/abhay-07/funny_ros2_proj/src/ROS2_TASK2_WS_HERE/install/collision_avoidance/lib/python3.10/site-packages/collision_avoidance
copying /home/abhay-07/funny_ros2_proj/src/ROS2_TASK2_WS_HERE/build/collision_avoidance/build/lib/collision_avoidance/__init__.py -> /home/abhay-07/funny_ros2_proj/src/ROS2_TASK2_WS_HERE/install/collision_avoidance/lib/python3.10/site-packages/collision_avoidance
byte-compiling /home/abhay-07/funny_ros2_proj/src/ROS2_TASK2_WS_HERE/install/collision_avoidance/lib/python3.10/site-packages/collision_avoidance/__init__.py to __init__.cpython-310.pyc
running install_data
creating /home/abhay-07/funny_ros2_proj/src/ROS2_TASK2_WS_HERE/install/collision_avoidance/share/ament_index
creating /home/abhay-07/funny_ros2_proj/src/ROS2_TASK2_WS_HERE/install/collision_avoidance/share/ament_index/resource_index
creating /home/abhay-07/funny_ros2_proj/src/ROS2_TASK2_WS_HERE/install/collision_avoidance/share/ament_index/resource_index/packages
copying resource/collision_avoidance -> /home/abhay-07/funny_ros2_proj/src/ROS2_TASK2_WS_HERE/install/collision_avoidance/share/ament_index/resource_index/packages
copying package.xml -> /home/abhay-07/funny_ros2_proj/src/ROS2_TASK2_WS_HERE/install/collision_avoidance/share/collision_avoidance
running install_egg_info
Copying ../../build/collision_avoidance/collision_avoidance.egg-info to /home/abhay-07/funny_ros2_proj/src/ROS2_TASK2_WS_HERE/install/collision_avoidance/lib/python3.10/site-packages/collision_avoidance-0.0.0-py3.10.egg-info
running install_scripts
writing list of installed files to '/home/abhay-07/funny_ros2_proj/src/ROS2_TASK2_WS_HERE/build/collision_avoidance/install.log'
