[0.887s] Invoking command in '/home/abhay-07/funny_ros2_proj/src/ROS2_TASK2_WS_HERE/src/collision_avoidance': PYTHONPATH=/home/abhay-07/funny_ros2_proj/src/ROS2_TASK2_WS_HERE/build/collision_avoidance/prefix_override:/usr/lib/python3/dist-packages/colcon_core/task/python/colcon_distutils_commands:/home/abhay-07/funny_ros2_proj/src/ROS2_TASK2_WS_HERE/install/collision_avoidance/lib/python3.10/site-packages:${PYTHONPATH} /usr/bin/python3 -W ignore:setup.py install is deprecated -W ignore:easy_install command is deprecated setup.py egg_info --egg-base ../../build/collision_avoidance build --build-base /home/abhay-07/funny_ros2_proj/src/ROS2_TASK2_WS_HERE/build/collision_avoidance/build install --record /home/abhay-07/funny_ros2_proj/src/ROS2_TASK2_WS_HERE/build/collision_avoidance/install.log --single-version-externally-managed install_data
[1.188s] running egg_info
[1.188s] creating ../../build/collision_avoidance/collision_avoidance.egg-info
[1.189s] writing ../../build/collision_avoidance/collision_avoidance.egg-info/PKG-INFO
[1.189s] writing dependency_links to ../../build/collision_avoidance/collision_avoidance.egg-info/dependency_links.txt
[1.189s] writing entry points to ../../build/collision_avoidance/collision_avoidance.egg-info/entry_points.txt
[1.189s] writing requirements to ../../build/collision_avoidance/collision_avoidance.egg-info/requires.txt
[1.189s] writing top-level names to ../../build/collision_avoidance/collision_avoidance.egg-info/top_level.txt
[1.189s] writing manifest file '../../build/collision_avoidance/collision_avoidance.egg-info/SOURCES.txt'
[1.190s] reading manifest file '../../build/collision_avoidance/collision_avoidance.egg-info/SOURCES.txt'
[1.190s] adding license file 'LICENSE'
[1.191s] writing manifest file '../../build/collision_avoidance/collision_avoidance.egg-info/SOURCES.txt'
[1.191s] running build
[1.191s] running build_py
[1.191s] creating /home/abhay-07/funny_ros2_proj/src/ROS2_TASK2_WS_HERE/build/collision_avoidance/build
[1.191s] creating /home/abhay-07/funny_ros2_proj/src/ROS2_TASK2_WS_HERE/build/collision_avoidance/build/lib
[1.191s] creating /home/abhay-07/funny_ros2_proj/src/ROS2_TASK2_WS_HERE/build/collision_avoidance/build/lib/collision_avoidance
[1.191s] copying collision_avoidance/__init__.py -> /home/abhay-07/funny_ros2_proj/src/ROS2_TASK2_WS_HERE/build/collision_avoidance/build/lib/collision_avoidance
[1.191s] running install
[1.191s] running install_lib
[1.191s] creating /home/abhay-07/funny_ros2_proj/src/ROS2_TASK2_WS_HERE/install/collision_avoidance/lib/python3.10/site-packages/collision_avoidance
[1.192s] copying /home/abhay-07/funny_ros2_proj/src/ROS2_TASK2_WS_HERE/build/collision_avoidance/build/lib/collision_avoidance/__init__.py -> /home/abhay-07/funny_ros2_proj/src/ROS2_TASK2_WS_HERE/install/collision_avoidance/lib/python3.10/site-packages/collision_avoidance
[1.193s] byte-compiling /home/abhay-07/funny_ros2_proj/src/ROS2_TASK2_WS_HERE/install/collision_avoidance/lib/python3.10/site-packages/collision_avoidance/__init__.py to __init__.cpython-310.pyc
[1.193s] running install_data
[1.194s] creating /home/abhay-07/funny_ros2_proj/src/ROS2_TASK2_WS_HERE/install/collision_avoidance/share/ament_index
[1.194s] creating /home/abhay-07/funny_ros2_proj/src/ROS2_TASK2_WS_HERE/install/collision_avoidance/share/ament_index/resource_index
[1.194s] creating /home/abhay-07/funny_ros2_proj/src/ROS2_TASK2_WS_HERE/install/collision_avoidance/share/ament_index/resource_index/packages
[1.194s] copying resource/collision_avoidance -> /home/abhay-07/funny_ros2_proj/src/ROS2_TASK2_WS_HERE/install/collision_avoidance/share/ament_index/resource_index/packages
[1.194s] copying package.xml -> /home/abhay-07/funny_ros2_proj/src/ROS2_TASK2_WS_HERE/install/collision_avoidance/share/collision_avoidance
[1.194s] running install_egg_info
[1.196s] Copying ../../build/collision_avoidance/collision_avoidance.egg-info to /home/abhay-07/funny_ros2_proj/src/ROS2_TASK2_WS_HERE/install/collision_avoidance/lib/python3.10/site-packages/collision_avoidance-0.0.0-py3.10.egg-info
[1.197s] running install_scripts
[1.223s] writing list of installed files to '/home/abhay-07/funny_ros2_proj/src/ROS2_TASK2_WS_HERE/build/collision_avoidance/install.log'
[1.254s] Invoked command in '/home/abhay-07/funny_ros2_proj/src/ROS2_TASK2_WS_HERE/src/collision_avoidance' returned '0': PYTHONPATH=/home/abhay-07/funny_ros2_proj/src/ROS2_TASK2_WS_HERE/build/collision_avoidance/prefix_override:/usr/lib/python3/dist-packages/colcon_core/task/python/colcon_distutils_commands:/home/abhay-07/funny_ros2_proj/src/ROS2_TASK2_WS_HERE/install/collision_avoidance/lib/python3.10/site-packages:${PYTHONPATH} /usr/bin/python3 -W ignore:setup.py install is deprecated -W ignore:easy_install command is deprecated setup.py egg_info --egg-base ../../build/collision_avoidance build --build-base /home/abhay-07/funny_ros2_proj/src/ROS2_TASK2_WS_HERE/build/collision_avoidance/build install --record /home/abhay-07/funny_ros2_proj/src/ROS2_TASK2_WS_HERE/build/collision_avoidance/install.log --single-version-externally-managed install_data
