running egg_info
writing ../../build/collision_avoidance/collision_avoidance.egg-info/PKG-INFO
writing dependency_links to ../../build/collision_avoidance/collision_avoidance.egg-info/dependency_links.txt
writing entry points to ../../build/collision_avoidance/collision_avoidance.egg-info/entry_points.txt
writing requirements to ../../build/collision_avoidance/collision_avoidance.egg-info/requires.txt
writing top-level names to ../../build/collision_avoidance/collision_avoidance.egg-info/top_level.txt
reading manifest file '../../build/collision_avoidance/collision_avoidance.egg-info/SOURCES.txt'
adding license file 'LICENSE'
writing manifest file '../../build/collision_avoidance/collision_avoidance.egg-info/SOURCES.txt'
running build
running build_py
copying collision_avoidance/collision_avoidance_node.py -> /home/abhay-07/funny_ros2_proj/src/ROS2_TASK2_WS_HERE/build/collision_avoidance/build/lib/collision_avoidance
running install
running install_lib
copying /home/abhay-07/funny_ros2_proj/src/ROS2_TASK2_WS_HERE/build/collision_avoidance/build/lib/collision_avoidance/collision_avoidance_node.py -> /home/abhay-07/funny_ros2_proj/src/ROS2_TASK2_WS_HERE/install/collision_avoidance/lib/python3.10/site-packages/collision_avoidance
byte-compiling /home/abhay-07/funny_ros2_proj/src/ROS2_TASK2_WS_HERE/install/collision_avoidance/lib/python3.10/site-packages/collision_avoidance/collision_avoidance_node.py to collision_avoidance_node.cpython-310.pyc
Sorry: TabError: inconsistent use of tabs and spaces in indentation (collision_avoidance_node.py, line 81)
running install_data
running install_egg_info
removing '/home/abhay-07/funny_ros2_proj/src/ROS2_TASK2_WS_HERE/install/collision_avoidance/lib/python3.10/site-packages/collision_avoidance-0.0.0-py3.10.egg-info' (and everything under it)
Copying ../../build/collision_avoidance/collision_avoidance.egg-info to /home/abhay-07/funny_ros2_proj/src/ROS2_TASK2_WS_HERE/install/collision_avoidance/lib/python3.10/site-packages/collision_avoidance-0.0.0-py3.10.egg-info
running install_scripts
Installing collision_avoidance_node script to /home/abhay-07/funny_ros2_proj/src/ROS2_TASK2_WS_HERE/install/collision_avoidance/lib/collision_avoidance
writing list of installed files to '/home/abhay-07/funny_ros2_proj/src/ROS2_TASK2_WS_HERE/build/collision_avoidance/install.log'
