[0.891s] Invoking command in '/home/abhay-07/funny_ros2_proj/src/ROS2_TASK2_WS_HERE/src/collision_avoidance': PYTHONPATH=/home/abhay-07/funny_ros2_proj/src/ROS2_TASK2_WS_HERE/build/collision_avoidance/prefix_override:/usr/lib/python3/dist-packages/colcon_core/task/python/colcon_distutils_commands:/home/abhay-07/funny_ros2_proj/src/ROS2_TASK2_WS_HERE/install/collision_avoidance/lib/python3.10/site-packages:${PYTHONPATH} /usr/bin/python3 -W ignore:setup.py install is deprecated -W ignore:easy_install command is deprecated setup.py egg_info --egg-base ../../build/collision_avoidance build --build-base /home/abhay-07/funny_ros2_proj/src/ROS2_TASK2_WS_HERE/build/collision_avoidance/build install --record /home/abhay-07/funny_ros2_proj/src/ROS2_TASK2_WS_HERE/build/collision_avoidance/install.log --single-version-externally-managed install_data
[1.202s] running egg_info
[1.203s] writing ../../build/collision_avoidance/collision_avoidance.egg-info/PKG-INFO
[1.206s] writing dependency_links to ../../build/collision_avoidance/collision_avoidance.egg-info/dependency_links.txt
[1.206s] writing entry points to ../../build/collision_avoidance/collision_avoidance.egg-info/entry_points.txt
[1.206s] writing requirements to ../../build/collision_avoidance/collision_avoidance.egg-info/requires.txt
[1.206s] writing top-level names to ../../build/collision_avoidance/collision_avoidance.egg-info/top_level.txt
[1.210s] reading manifest file '../../build/collision_avoidance/collision_avoidance.egg-info/SOURCES.txt'
[1.210s] adding license file 'LICENSE'
[1.210s] writing manifest file '../../build/collision_avoidance/collision_avoidance.egg-info/SOURCES.txt'
[1.211s] running build
[1.211s] running build_py
[1.211s] copying collision_avoidance/collision_avoidance_node.py -> /home/abhay-07/funny_ros2_proj/src/ROS2_TASK2_WS_HERE/build/collision_avoidance/build/lib/collision_avoidance
[1.211s] running install
[1.211s] running install_lib
[1.212s] copying /home/abhay-07/funny_ros2_proj/src/ROS2_TASK2_WS_HERE/build/collision_avoidance/build/lib/collision_avoidance/collision_avoidance_node.py -> /home/abhay-07/funny_ros2_proj/src/ROS2_TASK2_WS_HERE/install/collision_avoidance/lib/python3.10/site-packages/collision_avoidance
[1.214s] byte-compiling /home/abhay-07/funny_ros2_proj/src/ROS2_TASK2_WS_HERE/install/collision_avoidance/lib/python3.10/site-packages/collision_avoidance/collision_avoidance_node.py to collision_avoidance_node.cpython-310.pyc
[1.215s] running install_data
[1.215s] running install_egg_info
[1.218s] removing '/home/abhay-07/funny_ros2_proj/src/ROS2_TASK2_WS_HERE/install/collision_avoidance/lib/python3.10/site-packages/collision_avoidance-0.0.0-py3.10.egg-info' (and everything under it)
[1.218s] Copying ../../build/collision_avoidance/collision_avoidance.egg-info to /home/abhay-07/funny_ros2_proj/src/ROS2_TASK2_WS_HERE/install/collision_avoidance/lib/python3.10/site-packages/collision_avoidance-0.0.0-py3.10.egg-info
[1.218s] running install_scripts
[1.250s] Installing collision_avoidance_node script to /home/abhay-07/funny_ros2_proj/src/ROS2_TASK2_WS_HERE/install/collision_avoidance/lib/collision_avoidance
[1.250s] writing list of installed files to '/home/abhay-07/funny_ros2_proj/src/ROS2_TASK2_WS_HERE/build/collision_avoidance/install.log'
[1.269s] Invoked command in '/home/abhay-07/funny_ros2_proj/src/ROS2_TASK2_WS_HERE/src/collision_avoidance' returned '0': PYTHONPATH=/home/abhay-07/funny_ros2_proj/src/ROS2_TASK2_WS_HERE/build/collision_avoidance/prefix_override:/usr/lib/python3/dist-packages/colcon_core/task/python/colcon_distutils_commands:/home/abhay-07/funny_ros2_proj/src/ROS2_TASK2_WS_HERE/install/collision_avoidance/lib/python3.10/site-packages:${PYTHONPATH} /usr/bin/python3 -W ignore:setup.py install is deprecated -W ignore:easy_install command is deprecated setup.py egg_info --egg-base ../../build/collision_avoidance build --build-base /home/abhay-07/funny_ros2_proj/src/ROS2_TASK2_WS_HERE/build/collision_avoidance/build install --record /home/abhay-07/funny_ros2_proj/src/ROS2_TASK2_WS_HERE/build/collision_avoidance/install.log --single-version-externally-managed install_data
